<?xml version="1.0" encoding="UTF-8" ?>
<testsuite errors="0" failures="0" hostname="Elmahdi-pc" name="biblio.ReservationTests" tests="3" time="0.331" timestamp="2014-04-21T02:07:43">
  <properties />
  <testcase classname="biblio.ReservationTests" name="testConstraintsValidees" time="0.089" />
  <testcase classname="biblio.ReservationTests" name="testConstraintCodeNull" time="0.013" />
  <testcase classname="biblio.ReservationTests" name="testToString" time="0.014" />
  <system-out><![CDATA[--Output from testConstraintsValidees--
--Output from testConstraintCodeNull--
--Output from testToString--
]]></system-out>
  <system-err><![CDATA[--Output from testConstraintsValidees--
--Output from testConstraintCodeNull--
--Output from testToString--
]]></system-err>
</testsuite>
