<?xml version="1.0" encoding="UTF-8" ?>
<testsuite errors="0" failures="5" hostname="Elmahdi-pc" name="biblio.AuteurControllerTests" tests="8" time="1.294" timestamp="2014-04-21T02:07:40">
  <properties />
  <testcase classname="biblio.AuteurControllerTests" name="testList" time="0.494" />
  <testcase classname="biblio.AuteurControllerTests" name="testSave" time="0.124">
    <failure message="Assertion failed: &#xa;&#xa;assert response.redirectedUrl == &apos;/auteur/show/1&apos;&#xa;       |        |             |&#xa;       |        null          false&#xa;       org.codehaus.groovy.grails.plugins.testing.GrailsMockHttpServletResponse@59d8994&#xa;" type="junit.framework.AssertionFailedError">junit.framework.AssertionFailedError: Assertion failed: 

assert response.redirectedUrl == &apos;/auteur/show/1&apos;
       |        |             |
       |        null          false
       org.codehaus.groovy.grails.plugins.testing.GrailsMockHttpServletResponse@59d8994

	at biblio.AuteurControllerTests.testSave(AuteurControllerTests.groovy:48)
</failure>
  </testcase>
  <testcase classname="biblio.AuteurControllerTests" name="testDelete" time="0.152">
    <failure message="Assertion failed: &#xa;&#xa;assert auteur.save() != null&#xa;       |      |      |&#xa;       |      null   false&#xa;       null null&#xa;" type="junit.framework.AssertionFailedError">junit.framework.AssertionFailedError: Assertion failed: 

assert auteur.save() != null
       |      |      |
       |      null   false
       null null

	at biblio.AuteurControllerTests.testDelete(AuteurControllerTests.groovy:144)
</failure>
  </testcase>
  <testcase classname="biblio.AuteurControllerTests" name="testUpdate" time="0.08">
    <failure message="Assertion failed: &#xa;&#xa;assert auteur.save() != null&#xa;       |      |      |&#xa;       |      null   false&#xa;       null null&#xa;" type="junit.framework.AssertionFailedError">junit.framework.AssertionFailedError: Assertion failed: 

assert auteur.save() != null
       |      |      |
       |      null   false
       null null

	at biblio.AuteurControllerTests.testUpdate(AuteurControllerTests.groovy:100)
</failure>
  </testcase>
  <testcase classname="biblio.AuteurControllerTests" name="testIndex" time="0.076" />
  <testcase classname="biblio.AuteurControllerTests" name="testShow" time="0.066">
    <failure message="Assertion failed: &#xa;&#xa;assert auteur.save() != null&#xa;       |      |      |&#xa;       |      null   false&#xa;       null null&#xa;" type="junit.framework.AssertionFailedError">junit.framework.AssertionFailedError: Assertion failed: 

assert auteur.save() != null
       |      |      |
       |      null   false
       null null

	at biblio.AuteurControllerTests.testShow(AuteurControllerTests.groovy:62)
</failure>
  </testcase>
  <testcase classname="biblio.AuteurControllerTests" name="testEdit" time="0.073">
    <failure message="Assertion failed: &#xa;&#xa;assert auteur.save() != null&#xa;       |      |      |&#xa;       |      null   false&#xa;       null null&#xa;" type="junit.framework.AssertionFailedError">junit.framework.AssertionFailedError: Assertion failed: 

assert auteur.save() != null
       |      |      |
       |      null   false
       null null

	at biblio.AuteurControllerTests.testEdit(AuteurControllerTests.groovy:80)
</failure>
  </testcase>
  <testcase classname="biblio.AuteurControllerTests" name="testCreate" time="0.067" />
  <system-out><![CDATA[--Output from testList--
--Output from testSave--
--Output from testDelete--
--Output from testUpdate--
--Output from testIndex--
--Output from testShow--
--Output from testEdit--
--Output from testCreate--
]]></system-out>
  <system-err><![CDATA[--Output from testList--
--Output from testSave--
--Output from testDelete--
--Output from testUpdate--
--Output from testIndex--
--Output from testShow--
--Output from testEdit--
--Output from testCreate--
]]></system-err>
</testsuite>
