<?xml version="1.0" encoding="UTF-8" ?>
<testsuite errors="0" failures="1" hostname="Elmahdi-pc" name="biblio.LivreTests" tests="1" time="0.234" timestamp="2014-04-21T01:46:49">
  <properties />
  <testcase classname="biblio.LivreTests" name="testSomething" time="0.095">
    <failure message="junit.framework.AssertionFailedError: Implement me" type="junit.framework.AssertionFailedError">junit.framework.AssertionFailedError: junit.framework.AssertionFailedError: Implement me
	at biblio.LivreTests.testSomething(LivreTests.groovy:15)
</failure>
  </testcase>
  <system-out><![CDATA[--Output from testSomething--
]]></system-out>
  <system-err><![CDATA[--Output from testSomething--
]]></system-err>
</testsuite>
