<?xml version="1.0" encoding="UTF-8" ?>
<testsuite errors="0" failures="0" hostname="Elmahdi-pc" name="biblio.TypeDocumentTests" tests="4" time="0.095" timestamp="2014-04-21T02:07:45">
  <properties />
  <testcase classname="biblio.TypeDocumentTests" name="testConstraintsValidees" time="0.066" />
  <testcase classname="biblio.TypeDocumentTests" name="testConstraintIntituleNull" time="0.01" />
  <testcase classname="biblio.TypeDocumentTests" name="testConstraintIntituleBlank" time="0.007" />
  <testcase classname="biblio.TypeDocumentTests" name="testToString" time="0.009" />
  <system-out><![CDATA[--Output from testConstraintsValidees--
--Output from testConstraintIntituleNull--
--Output from testConstraintIntituleBlank--
--Output from testToString--
]]></system-out>
  <system-err><![CDATA[--Output from testConstraintsValidees--
--Output from testConstraintIntituleNull--
--Output from testConstraintIntituleBlank--
--Output from testToString--
]]></system-err>
</testsuite>
