<?xml version="1.0" encoding="UTF-8" ?>
<testsuite errors="0" failures="5" hostname="Elmahdi-pc" name="biblio.ReservationControllerTests" tests="8" time="0.92" timestamp="2014-04-21T02:07:42">
  <properties />
  <testcase classname="biblio.ReservationControllerTests" name="testList" time="0.245" />
  <testcase classname="biblio.ReservationControllerTests" name="testSave" time="0.072">
    <failure message="Assertion failed: &#xa;&#xa;assert response.redirectedUrl == &apos;/reservation/show/1&apos;&#xa;       |        |             |&#xa;       |        null          false&#xa;       org.codehaus.groovy.grails.plugins.testing.GrailsMockHttpServletResponse@64121bd&#xa;" type="junit.framework.AssertionFailedError">junit.framework.AssertionFailedError: Assertion failed: 

assert response.redirectedUrl == &apos;/reservation/show/1&apos;
       |        |             |
       |        null          false
       org.codehaus.groovy.grails.plugins.testing.GrailsMockHttpServletResponse@64121bd

	at biblio.ReservationControllerTests.testSave(ReservationControllerTests.groovy:48)
</failure>
  </testcase>
  <testcase classname="biblio.ReservationControllerTests" name="testDelete" time="0.091">
    <failure message="Assertion failed: &#xa;&#xa;assert reservation.save() != null&#xa;       |           |      |&#xa;       |           null   false&#xa;       biblio.Reservation@703c4693 (toString() == null)&#xa;" type="junit.framework.AssertionFailedError">junit.framework.AssertionFailedError: Assertion failed: 

assert reservation.save() != null
       |           |      |
       |           null   false
       biblio.Reservation@703c4693 (toString() == null)

	at biblio.ReservationControllerTests.testDelete(ReservationControllerTests.groovy:144)
</failure>
  </testcase>
  <testcase classname="biblio.ReservationControllerTests" name="testUpdate" time="0.059">
    <failure message="Assertion failed: &#xa;&#xa;assert reservation.save() != null&#xa;       |           |      |&#xa;       |           null   false&#xa;       biblio.Reservation@4d6456d (toString() == null)&#xa;" type="junit.framework.AssertionFailedError">junit.framework.AssertionFailedError: Assertion failed: 

assert reservation.save() != null
       |           |      |
       |           null   false
       biblio.Reservation@4d6456d (toString() == null)

	at biblio.ReservationControllerTests.testUpdate(ReservationControllerTests.groovy:100)
</failure>
  </testcase>
  <testcase classname="biblio.ReservationControllerTests" name="testIndex" time="0.059" />
  <testcase classname="biblio.ReservationControllerTests" name="testShow" time="0.047">
    <failure message="Assertion failed: &#xa;&#xa;assert reservation.save() != null&#xa;       |           |      |&#xa;       |           null   false&#xa;       biblio.Reservation@4e260179 (toString() == null)&#xa;" type="junit.framework.AssertionFailedError">junit.framework.AssertionFailedError: Assertion failed: 

assert reservation.save() != null
       |           |      |
       |           null   false
       biblio.Reservation@4e260179 (toString() == null)

	at biblio.ReservationControllerTests.testShow(ReservationControllerTests.groovy:62)
</failure>
  </testcase>
  <testcase classname="biblio.ReservationControllerTests" name="testEdit" time="0.141">
    <failure message="Assertion failed: &#xa;&#xa;assert reservation.save() != null&#xa;       |           |      |&#xa;       |           null   false&#xa;       biblio.Reservation@345d3a37 (toString() == null)&#xa;" type="junit.framework.AssertionFailedError">junit.framework.AssertionFailedError: Assertion failed: 

assert reservation.save() != null
       |           |      |
       |           null   false
       biblio.Reservation@345d3a37 (toString() == null)

	at biblio.ReservationControllerTests.testEdit(ReservationControllerTests.groovy:80)
</failure>
  </testcase>
  <testcase classname="biblio.ReservationControllerTests" name="testCreate" time="0.079" />
  <system-out><![CDATA[--Output from testList--
--Output from testSave--
--Output from testDelete--
--Output from testUpdate--
--Output from testIndex--
--Output from testShow--
--Output from testEdit--
--Output from testCreate--
]]></system-out>
  <system-err><![CDATA[--Output from testList--
--Output from testSave--
--Output from testDelete--
--Output from testUpdate--
--Output from testIndex--
--Output from testShow--
--Output from testEdit--
--Output from testCreate--
]]></system-err>
</testsuite>
