<?xml version="1.0" encoding="UTF-8" ?>
<testsuite errors="0" failures="1" hostname="Haithem" name="biblio.ReservationTests" tests="1" time="0.233" timestamp="2014-04-20T23:10:45">
  <properties />
  <testcase classname="biblio.ReservationTests" name="testSomething" time="0.075">
    <failure message="junit.framework.AssertionFailedError: Implement me" type="junit.framework.AssertionFailedError">junit.framework.AssertionFailedError: junit.framework.AssertionFailedError: Implement me
	at biblio.ReservationTests.testSomething(ReservationTests.groovy:15)
</failure>
  </testcase>
  <system-out><![CDATA[--Output from testSomething--
]]></system-out>
  <system-err><![CDATA[--Output from testSomething--
]]></system-err>
</testsuite>
