<?xml version="1.0" encoding="UTF-8" ?>
<testsuite errors="0" failures="5" hostname="Haithem" name="biblio.ReservationControllerTests" tests="8" time="1.068" timestamp="2014-04-20T23:10:44">
  <properties />
  <testcase classname="biblio.ReservationControllerTests" name="testCreate" time="0.35" />
  <testcase classname="biblio.ReservationControllerTests" name="testList" time="0.1" />
  <testcase classname="biblio.ReservationControllerTests" name="testIndex" time="0.099" />
  <testcase classname="biblio.ReservationControllerTests" name="testSave" time="0.065">
    <failure message="Assertion failed: &#xa;&#xa;assert response.redirectedUrl == &apos;/reservation/show/1&apos;&#xa;       |        |             |&#xa;       |        null          false&#xa;       org.codehaus.groovy.grails.plugins.testing.GrailsMockHttpServletResponse@4a041&#xa;" type="junit.framework.AssertionFailedError">junit.framework.AssertionFailedError: Assertion failed: 

assert response.redirectedUrl == &apos;/reservation/show/1&apos;
       |        |             |
       |        null          false
       org.codehaus.groovy.grails.plugins.testing.GrailsMockHttpServletResponse@4a041

	at biblio.ReservationControllerTests.testSave(ReservationControllerTests.groovy:48)
</failure>
  </testcase>
  <testcase classname="biblio.ReservationControllerTests" name="testShow" time="0.104">
    <failure message="Assertion failed: &#xa;&#xa;assert reservation.save() != null&#xa;       |           |      |&#xa;       |           null   false&#xa;       biblio.Reservation@1e32883 (toString() == null)&#xa;" type="junit.framework.AssertionFailedError">junit.framework.AssertionFailedError: Assertion failed: 

assert reservation.save() != null
       |           |      |
       |           null   false
       biblio.Reservation@1e32883 (toString() == null)

	at biblio.ReservationControllerTests.testShow(ReservationControllerTests.groovy:62)
</failure>
  </testcase>
  <testcase classname="biblio.ReservationControllerTests" name="testEdit" time="0.066">
    <failure message="Assertion failed: &#xa;&#xa;assert reservation.save() != null&#xa;       |           |      |&#xa;       |           null   false&#xa;       biblio.Reservation@1cb087d (toString() == null)&#xa;" type="junit.framework.AssertionFailedError">junit.framework.AssertionFailedError: Assertion failed: 

assert reservation.save() != null
       |           |      |
       |           null   false
       biblio.Reservation@1cb087d (toString() == null)

	at biblio.ReservationControllerTests.testEdit(ReservationControllerTests.groovy:80)
</failure>
  </testcase>
  <testcase classname="biblio.ReservationControllerTests" name="testUpdate" time="0.059">
    <failure message="Assertion failed: &#xa;&#xa;assert reservation.save() != null&#xa;       |           |      |&#xa;       |           null   false&#xa;       biblio.Reservation@fd2eb8 (toString() == null)&#xa;" type="junit.framework.AssertionFailedError">junit.framework.AssertionFailedError: Assertion failed: 

assert reservation.save() != null
       |           |      |
       |           null   false
       biblio.Reservation@fd2eb8 (toString() == null)

	at biblio.ReservationControllerTests.testUpdate(ReservationControllerTests.groovy:100)
</failure>
  </testcase>
  <testcase classname="biblio.ReservationControllerTests" name="testDelete" time="0.092">
    <failure message="Assertion failed: &#xa;&#xa;assert reservation.save() != null&#xa;       |           |      |&#xa;       |           null   false&#xa;       biblio.Reservation@1065535 (toString() == null)&#xa;" type="junit.framework.AssertionFailedError">junit.framework.AssertionFailedError: Assertion failed: 

assert reservation.save() != null
       |           |      |
       |           null   false
       biblio.Reservation@1065535 (toString() == null)

	at biblio.ReservationControllerTests.testDelete(ReservationControllerTests.groovy:144)
</failure>
  </testcase>
  <system-out><![CDATA[--Output from testCreate--
--Output from testList--
--Output from testIndex--
--Output from testSave--
--Output from testShow--
--Output from testEdit--
--Output from testUpdate--
--Output from testDelete--
]]></system-out>
  <system-err><![CDATA[--Output from testCreate--
--Output from testList--
--Output from testIndex--
--Output from testSave--
--Output from testShow--
--Output from testEdit--
--Output from testUpdate--
--Output from testDelete--
]]></system-err>
</testsuite>
