<?xml version="1.0" encoding="UTF-8" ?>
<testsuite errors="0" failures="0" hostname="Elmahdi-pc" name="biblio.LivreTests" tests="7" time="0.404" timestamp="2014-04-21T02:07:42">
  <properties />
  <testcase classname="biblio.LivreTests" name="testConstraintNombreExemplairesMinValue" time="0.121" />
  <testcase classname="biblio.LivreTests" name="testConstraintTypeDocumentNull" time="0.01" />
  <testcase classname="biblio.LivreTests" name="testConstraintNombreExemplairesDisponiblesMinValue" time="0.012" />
  <testcase classname="biblio.LivreTests" name="testConstraintsValidees" time="0.013" />
  <testcase classname="biblio.LivreTests" name="testConstraintTitreNull" time="0.015" />
  <testcase classname="biblio.LivreTests" name="testConstraintTitreNullNombreExemplairesNullNombreExemplairesDisponiblesNull" time="0.012" />
  <testcase classname="biblio.LivreTests" name="testToString" time="0.014" />
  <system-out><![CDATA[--Output from testConstraintNombreExemplairesMinValue--
--Output from testConstraintTypeDocumentNull--
--Output from testConstraintNombreExemplairesDisponiblesMinValue--
--Output from testConstraintsValidees--
--Output from testConstraintTitreNull--
--Output from testConstraintTitreNullNombreExemplairesNullNombreExemplairesDisponiblesNull--
--Output from testToString--
]]></system-out>
  <system-err><![CDATA[--Output from testConstraintNombreExemplairesMinValue--
--Output from testConstraintTypeDocumentNull--
--Output from testConstraintNombreExemplairesDisponiblesMinValue--
--Output from testConstraintsValidees--
--Output from testConstraintTitreNull--
--Output from testConstraintTitreNullNombreExemplairesNullNombreExemplairesDisponiblesNull--
--Output from testToString--
]]></system-err>
</testsuite>
